<?xml version="1.0" encoding="UTF-8"?>
<testsuite xmlns:xsi="http://www.w3.org/2001/XMLSchema-instance" xsi:noNamespaceSchemaLocation="https://maven.apache.org/surefire/maven-surefire-plugin/xsd/surefire-test-report-3.0.xsd" version="3.0" name="TestSuite" time="21.711" tests="10" errors="0" skipped="8" failures="2">
  <properties>
[...]
</properties>
  <testcase name="setup" classname="testcases.TenentDetailsPageTest" time="6.487">
    <failure message="Could not start a new session. Possible causes are invalid address of the remote server or browser start-up failure.&#10;Build info: version: &apos;3.141.59&apos;, revision: &apos;e82be7d358&apos;, time: &apos;2018-11-14T08:17:03&apos;&#10;System info: host: &apos;Mohameds-MacBook-Pro.local&apos;, ip: &apos;192.168.8.104&apos;, os.name: &apos;Mac OS X&apos;, os.arch: &apos;x86_64&apos;, os.version: &apos;10.15.4&apos;, java.version: &apos;1.8.0_242&apos;&#10;Driver info: driver.version: RemoteWebDriver" type="org.openqa.selenium.remote.UnreachableBrowserException">org.openqa.selenium.remote.UnreachableBrowserException: 
Could not start a new session. Possible causes are invalid address of the remote server or browser start-up failure.
Build info: version: '3.141.59', revision: 'e82be7d358', time: '2018-11-14T08:17:03'
System info: host: 'Mohameds-MacBook-Pro.local', ip: '192.168.8.104', os.name: 'Mac OS X', os.arch: 'x86_64', os.version: '10.15.4', java.version: '1.8.0_242'
Driver info: driver.version: RemoteWebDriver
Caused by: java.net.ConnectException: Failed to connect to localhost/0:0:0:0:0:0:0:1:4444
Caused by: java.net.ConnectException: Connection refused (Connection refused)
</failure>
    <system-out><![CDATA[docker-url from config file : http://localhost:4444/wd/hub
app-url from config file : https://dpa-ui.labs.zaizicloud.net/
]]></system-out>
    <system-err><![CDATA[May 22, 2020 4:18:44 AM org.openqa.selenium.remote.DesiredCapabilities chrome
INFO: Using `new ChromeOptions()` is preferred to `DesiredCapabilities.chrome()`
]]></system-err>
  </testcase>
  <testcase name="setup" classname="testcases.TenentDetailsPageTest" time="0">
    <skipped/>
  </testcase>
  <testcase name="enter_valid_details" classname="testcases.TenentDetailsPageTest" time="0">
    <skipped message="Could not start a new session. Possible causes are invalid address of the remote server or browser start-up failure.&#10;Build info: version: &apos;3.141.59&apos;, revision: &apos;e82be7d358&apos;, time: &apos;2018-11-14T08:17:03&apos;&#10;System info: host: &apos;Mohameds-MacBook-Pro.local&apos;, ip: &apos;192.168.8.104&apos;, os.name: &apos;Mac OS X&apos;, os.arch: &apos;x86_64&apos;, os.version: &apos;10.15.4&apos;, java.version: &apos;1.8.0_242&apos;&#10;Driver info: driver.version: RemoteWebDriver"/>
  </testcase>
  <testcase name="afterMethod" classname="testcases.TenentDetailsPageTest" time="0">
    <skipped/>
  </testcase>
  <testcase name="afterMethod" classname="testcases.TenentDetailsPageTest" time="0">
    <skipped/>
  </testcase>
  <testcase name="beforeMethod" classname="testcases.TenentDetailsPageTest" time="0">
    <skipped/>
  </testcase>
  <testcase name="enter_invalid_details" classname="testcases.TenentDetailsPageTest" time="0">
    <skipped message="Could not start a new session. Possible causes are invalid address of the remote server or browser start-up failure.&#10;Build info: version: &apos;3.141.59&apos;, revision: &apos;e82be7d358&apos;, time: &apos;2018-11-14T08:17:03&apos;&#10;System info: host: &apos;Mohameds-MacBook-Pro.local&apos;, ip: &apos;192.168.8.104&apos;, os.name: &apos;Mac OS X&apos;, os.arch: &apos;x86_64&apos;, os.version: &apos;10.15.4&apos;, java.version: &apos;1.8.0_242&apos;&#10;Driver info: driver.version: RemoteWebDriver"/>
  </testcase>
  <testcase name="setup" classname="testcases.SearchAddressPageTest" time="6.51">
    <failure message="Could not start a new session. Possible causes are invalid address of the remote server or browser start-up failure.&#10;Build info: version: &apos;3.141.59&apos;, revision: &apos;e82be7d358&apos;, time: &apos;2018-11-14T08:17:03&apos;&#10;System info: host: &apos;Mohameds-MacBook-Pro.local&apos;, ip: &apos;192.168.8.104&apos;, os.name: &apos;Mac OS X&apos;, os.arch: &apos;x86_64&apos;, os.version: &apos;10.15.4&apos;, java.version: &apos;1.8.0_242&apos;&#10;Driver info: driver.version: RemoteWebDriver" type="org.openqa.selenium.remote.UnreachableBrowserException">org.openqa.selenium.remote.UnreachableBrowserException: 
Could not start a new session. Possible causes are invalid address of the remote server or browser start-up failure.
Build info: version: '3.141.59', revision: 'e82be7d358', time: '2018-11-14T08:17:03'
System info: host: 'Mohameds-MacBook-Pro.local', ip: '192.168.8.104', os.name: 'Mac OS X', os.arch: 'x86_64', os.version: '10.15.4', java.version: '1.8.0_242'
Driver info: driver.version: RemoteWebDriver
Caused by: java.net.ConnectException: Failed to connect to localhost/0:0:0:0:0:0:0:1:4444
Caused by: java.net.ConnectException: Connection refused (Connection refused)
</failure>
    <system-out><![CDATA[docker-url from config file : http://localhost:4444/wd/hub
app-url from config file : https://dpa-ui.labs.zaizicloud.net/
]]></system-out>
    <system-err><![CDATA[May 22, 2020 4:18:50 AM org.openqa.selenium.remote.DesiredCapabilities chrome
INFO: Using `new ChromeOptions()` is preferred to `DesiredCapabilities.chrome()`
]]></system-err>
  </testcase>
  <testcase name="select_address" classname="testcases.SearchAddressPageTest" time="0">
    <skipped message="Could not start a new session. Possible causes are invalid address of the remote server or browser start-up failure.&#10;Build info: version: &apos;3.141.59&apos;, revision: &apos;e82be7d358&apos;, time: &apos;2018-11-14T08:17:03&apos;&#10;System info: host: &apos;Mohameds-MacBook-Pro.local&apos;, ip: &apos;192.168.8.104&apos;, os.name: &apos;Mac OS X&apos;, os.arch: &apos;x86_64&apos;, os.version: &apos;10.15.4&apos;, java.version: &apos;1.8.0_242&apos;&#10;Driver info: driver.version: RemoteWebDriver"/>
  </testcase>
  <testcase name="afterMethod" classname="testcases.SearchAddressPageTest" time="0">
    <skipped/>
  </testcase>
</testsuite>